Build started 2/2/2015 2:09:11 PM.
     1>Project "C:\Users\Ong\Desktop\NYP\Graphics\GoogleTest\GoogleTest.vcxproj" on node 3 (build target(s)).
     1>InitializeBuildStatus:
         Touching "Debug\GoogleTest.unsuccessfulbuild".
       ClCompile:
         All outputs are up-to-date.
         c:\Program Files (x86)\Microsoft Visual Studio 10.0\VC\bin\CL.exe /c /IC:\Users\Ong\Desktop\NYP\Graphics\\GoogleTest /IC:\Users\Ong\Desktop\NYP\Graphics\\GoogleTest\include /ZI /nologo /W3 /WX- /Od /Oy- /D WIN32 /D _DEBUG /D _LIB /D _UNICODE /D UNICODE /Gm /EHsc /RTC1 /MDd /GS /fp:precise /Zc:wchar_t /Zc:forScope /Yu"StdAfx.h" /Fp"Debug\GoogleTest.pch" /Fo"Debug\\" /Fd"Debug\vc100.pdb" /Gd /TP /analyze- /errorReport:prompt "src\gtest-all.cc" src\gtest_main.cc
         gtest_main.cc
     1>c:\users\ong\desktop\nyp\graphics\googletest\src\gtest_main.cc(30): warning C4627: '#include <stdio.h>': skipped when looking for precompiled header use
                 Add directive to 'StdAfx.h' or rebuild precompiled header
     1>c:\users\ong\desktop\nyp\graphics\googletest\src\gtest_main.cc(32): warning C4627: '#include "gtest/gtest.h"': skipped when looking for precompiled header use
                 Add directive to 'StdAfx.h' or rebuild precompiled header
     1>c:\users\ong\desktop\nyp\graphics\googletest\src\gtest_main.cc(40): fatal error C1010: unexpected end of file while looking for precompiled header. Did you forget to add '#include "StdAfx.h"' to your source?
         gtest-all.cc
     1>c:\users\ong\desktop\nyp\graphics\googletest\src\gtest-all.cc(39): warning C4627: '#include "gtest/gtest.h"': skipped when looking for precompiled header use
                 Add directive to 'StdAfx.h' or rebuild precompiled header
     1>c:\users\ong\desktop\nyp\graphics\googletest\src\gtest-all.cc(42): warning C4627: '#include "src/gtest.cc"': skipped when looking for precompiled header use
                 Add directive to 'StdAfx.h' or rebuild precompiled header
     1>c:\users\ong\desktop\nyp\graphics\googletest\src\gtest-all.cc(43): warning C4627: '#include "src/gtest-death-test.cc"': skipped when looking for precompiled header use
                 Add directive to 'StdAfx.h' or rebuild precompiled header
     1>c:\users\ong\desktop\nyp\graphics\googletest\src\gtest-all.cc(44): warning C4627: '#include "src/gtest-filepath.cc"': skipped when looking for precompiled header use
                 Add directive to 'StdAfx.h' or rebuild precompiled header
     1>c:\users\ong\desktop\nyp\graphics\googletest\src\gtest-all.cc(45): warning C4627: '#include "src/gtest-port.cc"': skipped when looking for precompiled header use
                 Add directive to 'StdAfx.h' or rebuild precompiled header
     1>c:\users\ong\desktop\nyp\graphics\googletest\src\gtest-all.cc(46): warning C4627: '#include "src/gtest-printers.cc"': skipped when looking for precompiled header use
                 Add directive to 'StdAfx.h' or rebuild precompiled header
     1>c:\users\ong\desktop\nyp\graphics\googletest\src\gtest-all.cc(47): warning C4627: '#include "src/gtest-test-part.cc"': skipped when looking for precompiled header use
                 Add directive to 'StdAfx.h' or rebuild precompiled header
     1>c:\users\ong\desktop\nyp\graphics\googletest\src\gtest-all.cc(48): warning C4627: '#include "src/gtest-typed-test.cc"': skipped when looking for precompiled header use
                 Add directive to 'StdAfx.h' or rebuild precompiled header
     1>c:\users\ong\desktop\nyp\graphics\googletest\src\gtest-all.cc(49): fatal error C1010: unexpected end of file while looking for precompiled header. Did you forget to add '#include "StdAfx.h"' to your source?
         Generating Code...
     1>Done Building Project "C:\Users\Ong\Desktop\NYP\Graphics\GoogleTest\GoogleTest.vcxproj" (build target(s)) -- FAILED.

Build FAILED.

Time Elapsed 00:00:00.95
