Build started 28/11/2014 10:51:29 AM.
     1>Project "C:\Users\swees_000\Desktop\NYP\DM2126_Assignment01_142128G_OngSweeSeng\DM2126_Assignment01_142128G_OngSweeSeng\DM2126_Assignment01_142128G_OngSweeSeng.vcxproj" on node 2 (build target(s)).
     1>InitializeBuildStatus:
         Touching "Debug\DM2126_Assignment01_142128G_OngSweeSeng.unsuccessfulbuild".
       ClCompile:
         c:\Program Files (x86)\Microsoft Visual Studio 10.0\VC\bin\CL.exe /c /ZI /nologo /W3 /WX- /Od /Oy- /D WIN32 /D _DEBUG /D _CONSOLE /D _UNICODE /D UNICODE /Gm /EHsc /RTC1 /MDd /GS /fp:precise /Zc:wchar_t /Zc:forScope /Fo"Debug\\" /Fd"Debug\vc100.pdb" /Gd /TP /analyze- /errorReport:prompt Vehicle.cpp
         Vehicle.cpp
     1>c:\users\swees_000\desktop\nyp\dm2126_assignment01_142128g_ongsweeseng\dm2126_assignment01_142128g_ongsweeseng\vehicle.cpp(99): error C2065: 'year' : undeclared identifier
     1>Done Building Project "C:\Users\swees_000\Desktop\NYP\DM2126_Assignment01_142128G_OngSweeSeng\DM2126_Assignment01_142128G_OngSweeSeng\DM2126_Assignment01_142128G_OngSweeSeng.vcxproj" (build target(s)) -- FAILED.

Build FAILED.

Time Elapsed 00:00:00.30
